<?xml version="1.0" encoding="UTF-8"?>
<testng-results ignored="0" total="3" passed="2" failed="1" skipped="0">
  <reporter-output>
  </reporter-output>
  <suite started-at="2025-04-02T16:51:00 IST" name="SampleSuite" finished-at="2025-04-02T16:51:28 IST" duration-ms="28012">
    <groups>
    </groups>
    <test started-at="2025-04-02T16:51:00 IST" name="SampleTest" finished-at="2025-04-02T16:51:28 IST" duration-ms="28012">
      <class name="testScripts.BookSearchTest">
        <test-method is-config="true" signature="setup(java.lang.String)[pri:0, instance:testScripts.BookSearchTest@3c77d488]" started-at="2025-04-02T16:51:00 IST" name="setup" finished-at="2025-04-02T16:51:10 IST" duration-ms="9573" status="PASS">
          <params>
            <param index="0">
              <value>
                <![CDATA[edge]]>
              </value>
            </param>
          </params>
          <reporter-output>
          </reporter-output>
        </test-method> <!-- setup -->
        <test-method signature="StoriesSearch()[pri:0, instance:testScripts.BookSearchTest@3c77d488]" started-at="2025-04-02T16:51:10 IST" name="StoriesSearch" finished-at="2025-04-02T16:51:10 IST" duration-ms="132" status="FAIL">
          <exception class="java.lang.AssertionError">
            <message>
              <![CDATA[expected [true] but found [false]]]>
            </message>
            <full-stacktrace>
              <![CDATA[java.lang.AssertionError: expected [true] but found [false]
at org.testng.Assert.fail(Assert.java:111)
at org.testng.Assert.failNotEquals(Assert.java:1590)
at org.testng.Assert.assertTrue(Assert.java:57)
at org.testng.Assert.assertTrue(Assert.java:67)
at testScripts.BookSearchTest.StoriesSearch(BookSearchTest.java:44)
at java.base/jdk.internal.reflect.NativeMethodAccessorImpl.invoke0(Native Method)
at java.base/jdk.internal.reflect.NativeMethodAccessorImpl.invoke(NativeMethodAccessorImpl.java:77)
at java.base/jdk.internal.reflect.DelegatingMethodAccessorImpl.invoke(DelegatingMethodAccessorImpl.java:43)
at java.base/java.lang.reflect.Method.invoke(Method.java:568)
at org.testng.internal.invokers.MethodInvocationHelper.invokeMethod(MethodInvocationHelper.java:141)
at org.testng.internal.invokers.TestInvoker.invokeMethod(TestInvoker.java:687)
at org.testng.internal.invokers.TestInvoker.invokeTestMethod(TestInvoker.java:230)
at org.testng.internal.invokers.MethodRunner.runInSequence(MethodRunner.java:63)
at org.testng.internal.invokers.TestInvoker$MethodInvocationAgent.invoke(TestInvoker.java:995)
at org.testng.internal.invokers.TestInvoker.invokeTestMethods(TestInvoker.java:203)
at org.testng.internal.invokers.TestMethodWorker.invokeTestMethods(TestMethodWorker.java:154)
at org.testng.internal.invokers.TestMethodWorker.run(TestMethodWorker.java:134)
at java.base/java.util.ArrayList.forEach(ArrayList.java:1511)
at org.testng.TestRunner.privateRun(TestRunner.java:741)
at org.testng.TestRunner.run(TestRunner.java:616)
at org.testng.SuiteRunner.runTest(SuiteRunner.java:421)
at org.testng.SuiteRunner.runSequentially(SuiteRunner.java:413)
at org.testng.SuiteRunner.privateRun(SuiteRunner.java:373)
at org.testng.SuiteRunner.run(SuiteRunner.java:312)
at org.testng.SuiteRunnerWorker.runSuite(SuiteRunnerWorker.java:52)
at org.testng.SuiteRunnerWorker.run(SuiteRunnerWorker.java:95)
at org.testng.TestNG.runSuitesSequentially(TestNG.java:1274)
at org.testng.TestNG.runSuitesLocally(TestNG.java:1208)
at org.testng.TestNG.runSuites(TestNG.java:1112)
at org.testng.TestNG.run(TestNG.java:1079)
at org.testng.remote.AbstractRemoteTestNG.run(AbstractRemoteTestNG.java:115)
at org.testng.remote.RemoteTestNG.initAndRun(RemoteTestNG.java:293)
at org.testng.remote.RemoteTestNG.main(RemoteTestNG.java:91)
]]>
            </full-stacktrace>
          </exception> <!-- java.lang.AssertionError -->
          <reporter-output>
          </reporter-output>
        </test-method> <!-- StoriesSearch -->
        <test-method is-config="true" signature="teardown()[pri:0, instance:testScripts.BookSearchTest@3c77d488]" started-at="2025-04-02T16:51:10 IST" name="teardown" finished-at="2025-04-02T16:51:10 IST" duration-ms="273" status="PASS">
          <reporter-output>
          </reporter-output>
        </test-method> <!-- teardown -->
        <test-method is-config="true" signature="setup(java.lang.String)[pri:0, instance:testScripts.BookSearchTest@3c77d488]" started-at="2025-04-02T16:51:10 IST" name="setup" finished-at="2025-04-02T16:51:18 IST" duration-ms="8489" status="PASS">
          <params>
            <param index="0">
              <value>
                <![CDATA[edge]]>
              </value>
            </param>
          </params>
          <reporter-output>
          </reporter-output>
        </test-method> <!-- setup -->
        <test-method signature="crimeNovelSearch()[pri:0, instance:testScripts.BookSearchTest@3c77d488]" started-at="2025-04-02T16:51:18 IST" name="crimeNovelSearch" finished-at="2025-04-02T16:51:19 IST" duration-ms="107" status="PASS">
          <reporter-output>
          </reporter-output>
        </test-method> <!-- crimeNovelSearch -->
        <test-method is-config="true" signature="teardown()[pri:0, instance:testScripts.BookSearchTest@3c77d488]" started-at="2025-04-02T16:51:19 IST" name="teardown" finished-at="2025-04-02T16:51:19 IST" duration-ms="205" status="PASS">
          <reporter-output>
          </reporter-output>
        </test-method> <!-- teardown -->
        <test-method is-config="true" signature="setup(java.lang.String)[pri:0, instance:testScripts.BookSearchTest@3c77d488]" started-at="2025-04-02T16:51:19 IST" name="setup" finished-at="2025-04-02T16:51:28 IST" duration-ms="8773" status="PASS">
          <params>
            <param index="0">
              <value>
                <![CDATA[edge]]>
              </value>
            </param>
          </params>
          <reporter-output>
          </reporter-output>
        </test-method> <!-- setup -->
        <test-method signature="FantasySearch()[pri:0, instance:testScripts.BookSearchTest@3c77d488]" started-at="2025-04-02T16:51:28 IST" name="FantasySearch" finished-at="2025-04-02T16:51:28 IST" depends-on-methods="testScripts.BookSearchTest.StoriesSearch" duration-ms="115" status="PASS">
          <reporter-output>
          </reporter-output>
        </test-method> <!-- FantasySearch -->
        <test-method is-config="true" signature="teardown()[pri:0, instance:testScripts.BookSearchTest@3c77d488]" started-at="2025-04-02T16:51:28 IST" name="teardown" finished-at="2025-04-02T16:51:28 IST" duration-ms="233" status="PASS">
          <reporter-output>
          </reporter-output>
        </test-method> <!-- teardown -->
      </class> <!-- testScripts.BookSearchTest -->
    </test> <!-- SampleTest -->
  </suite> <!-- SampleSuite -->
</testng-results>
